server is runing, listening on port 3333
sockets on :3000
util.puts: Use console.log instead
Throwing error now.
/root/server.js:192
  throw new Error('User generated fault.');
        ^
Error: User generated fault.
    at null._onTimeout (/root/server.js:192:9)
    at Timer.listOnTimeout (timers.js:110:15)
error: Forever detected script exited with code: 1
error: Script restart attempt #1
server is runing, listening on port 3333
sockets on :3000
util.puts: Use console.log instead
Throwing error now.
/root/server.js:192
  throw new Error('User generated fault.');
        ^
Error: User generated fault.
    at null._onTimeout (/root/server.js:192:9)
    at Timer.listOnTimeout (timers.js:110:15)
error: Forever detected script exited with code: 1
error: Script restart attempt #2
server is runing, listening on port 3333
sockets on :3000
util.puts: Use console.log instead
Throwing error now.
/root/server.js:192
  throw new Error('User generated fault.');
        ^
Error: User generated fault.
    at null._onTimeout (/root/server.js:192:9)
    at Timer.listOnTimeout (timers.js:110:15)
error: Forever detected script exited with code: 1
error: Script restart attempt #3
server is runing, listening on port 3333
sockets on :3000
util.puts: Use console.log instead
Throwing error now.
/root/server.js:192
  throw new Error('User generated fault.');
        ^
Error: User generated fault.
    at null._onTimeout (/root/server.js:192:9)
    at Timer.listOnTimeout (timers.js:110:15)
error: Forever detected script exited with code: 1
error: Script restart attempt #4
server is runing, listening on port 3333
sockets on :3000
util.puts: Use console.log instead
Throwing error now.
/root/server.js:192
  throw new Error('User generated fault.');
        ^
Error: User generated fault.
    at null._onTimeout (/root/server.js:192:9)
    at Timer.listOnTimeout (timers.js:110:15)
error: Forever detected script exited with code: 1
error: Script restart attempt #5
server is runing, listening on port 3333
sockets on :3000
util.puts: Use console.log instead
Throwing error now.
/root/server.js:192
  throw new Error('User generated fault.');
        ^
Error: User generated fault.
    at null._onTimeout (/root/server.js:192:9)
    at Timer.listOnTimeout (timers.js:110:15)
error: Forever detected script exited with code: 1
error: Script restart attempt #6
server is runing, listening on port 3333
sockets on :3000
util.puts: Use console.log instead
Throwing error now.
/root/server.js:192
  throw new Error('User generated fault.');
        ^
Error: User generated fault.
    at null._onTimeout (/root/server.js:192:9)
    at Timer.listOnTimeout (timers.js:110:15)
error: Forever detected script exited with code: 1
error: Script restart attempt #7
server is runing, listening on port 3333
sockets on :3000
util.puts: Use console.log instead
Throwing error now.
/root/server.js:192
  throw new Error('User generated fault.');
        ^
Error: User generated fault.
    at null._onTimeout (/root/server.js:192:9)
    at Timer.listOnTimeout (timers.js:110:15)
error: Forever detected script exited with code: 1
error: Script restart attempt #8
server is runing, listening on port 3333
sockets on :3000
util.puts: Use console.log instead
Throwing error now.
/root/server.js:192
  throw new Error('User generated fault.');
        ^
Error: User generated fault.
    at null._onTimeout (/root/server.js:192:9)
    at Timer.listOnTimeout (timers.js:110:15)
error: Forever detected script exited with code: 1
error: Script restart attempt #9
server is runing, listening on port 3333
sockets on :3000
util.puts: Use console.log instead
/root/server.js:192
  throw new Error('User generated fault.');
        ^
Error: User generated fault.
    at null._onTimeout (/root/server.js:192:9)
    at Timer.listOnTimeout (timers.js:110:15)
Throwing error now.
error: Forever detected script exited with code: 1
error: Script restart attempt #10
server is runing, listening on port 3333
sockets on :3000
util.puts: Use console.log instead
/root/server.js:192
  throw new Error('User generated fault.');
        ^
Error: User generated fault.
    at null._onTimeout (/root/server.js:192:9)
    at Timer.listOnTimeout (timers.js:110:15)
Throwing error now.
error: Forever detected script exited with code: 1
error: Script restart attempt #11
server is runing, listening on port 3333
sockets on :3000
util.puts: Use console.log instead
/root/server.js:192
  throw new Error('User generated fault.');
        ^
Error: User generated fault.
    at null._onTimeout (/root/server.js:192:9)
    at Timer.listOnTimeout (timers.js:110:15)
Throwing error now.
error: Forever detected script exited with code: 1
error: Script restart attempt #12
server is runing, listening on port 3333
sockets on :3000
util.puts: Use console.log instead
Throwing error now.
/root/server.js:192
  throw new Error('User generated fault.');
        ^
Error: User generated fault.
    at null._onTimeout (/root/server.js:192:9)
    at Timer.listOnTimeout (timers.js:110:15)
error: Forever detected script exited with code: 1
error: Script restart attempt #13
server is runing, listening on port 3333
sockets on :3000
util.puts: Use console.log instead
Throwing error now.
/root/server.js:192
  throw new Error('User generated fault.');
        ^
Error: User generated fault.
    at null._onTimeout (/root/server.js:192:9)
    at Timer.listOnTimeout (timers.js:110:15)
error: Forever detected script exited with code: 1
error: Script restart attempt #14
server is runing, listening on port 3333
sockets on :3000
util.puts: Use console.log instead
Throwing error now.
/root/server.js:192
  throw new Error('User generated fault.');
        ^
Error: User generated fault.
    at null._onTimeout (/root/server.js:192:9)
    at Timer.listOnTimeout (timers.js:110:15)
error: Forever detected script exited with code: 1
error: Script restart attempt #15
error: Forever detected script was killed by signal: SIGKILL
