server is runing, listening on port 3333
sockets on :3000
a user connected
socket:bKPI2UghyM_Bij2cAAAA
a user connected
socket:bmk3yRdrAqIhSiEnAAAB
a user connected
socket:R4ZRNUGSj_jDvuSgAAAC
a user connected
socket:l8hrji-1tHf-91TvAAAD
I am +972-8001
a user connected
socket:F5U1KvlI7e_JvXWQAAAE
a user connected
socket:ojIfoQF-NEgu4zFWAAAF
I am +972-8100
I am +972-8100
a user connected
socket:N9Z47Qth5adEXID-AAAG
{
    "message-count": "1",
    "messages": [{
        "status": "3",
        "error-text": "to address is not numeric"
    }]
}
I am +972-Asus
a user connected
socket:agAkMhIRpdDgigxCAAAH
I am +972-0544637999
a user connected
socket:5wTnUrs1zKrN4ykwAAAI
I am +972-Asus
a user connected
socket:ZBzw2va2DlrEZqmkAAAJ
I am +972-Asus
a user connected
socket:CcT3V7R5voTonEPMAAAK
a user connected
socket:xH4epi6YcKrCo04LAAAL
I am +972-0544637999
a user connected
socket:gIsq7cJt1crjrna7AAAM
I am +972-8100
a user connected
socket:_qdfbIS4tpu71hWPAAAN
a user connected
socket:6qPejUqsP49KV2neAAAO
a user connected
socket:GrR-42zsEUXX0bltAAAP
a user connected
socket:qEMdBEzWDXQDFvEYAAAQ
a user connected
socket:C2hmvHmiuIvWAakUAAAR
a user connected
socket:sNPT7DHk0QScDWYaAAAS
a user connected
socket:VaAGhCis3CZD6gphAAAT
a user connected
socket:X1d5j98nhtdyNBRAAAAU
a user connected
socket:bqQyvnUPN6vEUD9PAAAV
a user connected
socket:KWcZ4E78IKDo6PG-AAAW
a user connected
socket:w6J-m1V2k-LR2QYFAAAX
a user connected
socket:zcDdlmxrRjzogEUeAAAY
a user connected
socket:mCLUER84Myl30J7MAAAZ
a user connected
socket:XyND7LQL1B3aP8DEAAAa
a user connected
socket:sJYSfvxGGZUt0T2MAAAb
a user connected
socket:mK9Gc9p0cCI8a6tGAAAc
a user connected
socket:VmR0ut5XHqX0oDiQAAAd
a user connected
socket:9JIRfPeZc_j91VOhAAAe
a user connected
socket:2l0xjjmAC1c__j5BAAAf
a user connected
socket:Qy20p7NLuwJ1cfQwAAAg
a user connected
socket:mnA9l0TecQgiDkqgAAAh
a user connected
socket:f094WYTW-dStKX_8AAAi
a user connected
socket:75YM-Z-0kGoCYOtpAAAj
a user connected
socket:fpikVyOKhLRirO_OAAAk
a user connected
socket:vpuVI5fZeVtiJCJJAAAl
a user connected
socket:0BPOMDHAkA5TyktjAAAm
a user connected
socket:W_tuyCOVXcEMI3dWAAAn
a user connected
socket:7WE-81kVLSOJ08uOAAAo
a user connected
socket:3LQn4bHQY6nfZxbAAAAp
a user connected
socket:Kgi8UKJ-ykTeELujAAAq
a user connected
socket:ZrUA2JleYckc302vAAAr
a user connected
socket:3gSxeaM2Kym_fRKiAAAs
a user connected
socket:IHdjJeP0ALbn-EkoAAAt
a user connected
socket:SLxfgLV1-8RAL_T5AAAu
a user connected
socket:kITuSDeI6CK2VXiiAAAv
a user connected
socket:qXncHVg85IXM7o6DAAAw
a user connected
socket:wz7SzpnQY_CNYjEgAAAx
a user connected
socket:N1n6qjAUSohqucQ_AAAy
a user connected
socket:irgbw26OFqA-iSoAAAAz
a user connected
socket:PjBjEXJeYg1ismpXAAA0
a user connected
socket:2Mkq854icfmofo34AAA1
a user connected
socket:EcxD3YD8qDR0iUy3AAA2
a user connected
socket:gfCZ6a9OYhoi6rg_AAA3
a user connected
socket:aTlDdJkcGfKwR3FmAAA4
a user connected
socket:w-vLHmr_WmNRESduAAA5
a user connected
socket:Zu--FpIF2YT9UBTeAAA6
a user connected
socket:mJgPZjYmCk-d04UoAAA7
a user connected
socket:B5-kJceEwLy1XuqyAAA8
a user connected
socket:gSc3KstamZVXzKqsAAA9
a user connected
socket:bvFtM8VGl5nNsrS-AAA-
a user connected
socket:b__K9vo_kkMnFei_AAA_
a user connected
socket:vOR4WhgaxJBzQ3kSAABA
a user connected
socket:XY8XdZT0E7HmoUbyAABB
a user connected
socket:1tDBT1KaL7ary3BNAABC
a user connected
socket:uZSddgjfEIxQ2225AABD
a user connected
socket:FQBalMafyCkDkXd8AABE
a user connected
socket:5GU2W45wmjM2s7SBAABF
a user connected
socket:OvdUeSJ_XiYbmj7TAABG
I am +972-0544637999
I am +972-0544637999
a user connected
socket:wrOs_nC2Nlwr81UwAABH
I am +972-0544637999
a user connected
socket:wEcLzbM4Usyins-qAABI
a user connected
socket:bEusiWJMDrmXUCAVAABJ
I am +972-0544637999
a user connected
socket:0rDb3Box5wUzONBXAABK
I am +972-0544637999
a user connected
socket:yE5tauaLP2t6m-itAABL
a user connected
socket:VwgG_f7F4W-ZfUx0AABM
a user connected
socket:1Y2roFZ0RPyqroDbAABN
a user connected
socket:ag9wRa0iaRFiHsgQAABO
a user connected
socket:m8WHZCjYQDJb3RGMAABP
a user connected
socket:INKEDw7aGj7qyx4kAABQ
a user connected
socket:IT_sug5yIh7UdCBIAABR
a user connected
socket:osuqgeQFzF0OvzAzAABS
a user connected
socket:RiIlG1XtuUQEyHZPAABT
a user connected
socket:dJ2GB2qUveH4-Hc8AABU
a user connected
socket:nywr3ac4Fq9HNO6nAABV
a user connected
socket:mvw6yiyYjNA4nxJWAABW
a user connected
socket:esbrOFn90hO5JCDzAABX
a user connected
socket:RIYK5c36aoo6vXeeAABY
a user connected
socket:Cwh-xJ_OpGXUt4ZAAABZ
a user connected
socket:kXKaj928XoBMRQbBAABa
a user connected
socket:SaC6JY_ScY4tZFdkAABb
a user connected
socket:uxpVLFuPMMzgHyovAABc
a user connected
socket:pPthAI9ea05i7NXsAABd
a user connected
socket:Fu_cFcfdjieGH8K_AABe
a user connected
socket:RAmBFfCZIH7VkvunAABf
a user connected
socket:cdJnM_t9MxWGxRJ7AABg
a user connected
socket:jS1RYk2qYBlOwD84AABh
a user connected
socket:w9fR4iqLj1tBKkcRAABi
a user connected
socket:Xux-CViCR5ZCsC8lAABj
a user connected
socket:4PR0Coo1ovqw4DPaAABk
a user connected
socket:_Ai1IMnqMJ1jvd23AABl
I am +972-0544637999
a user connected
socket:OMDwHgARK8wAM0zzAABm
I am +972-0504841981
a user connected
socket:Uzr2sm5njzHyZFLBAABn
a user connected
socket:cQtR8_KBPu2Onl5XAABo
a user connected
socket:bLFAE-D0eB9eVeVnAABp
a user connected
socket:JC_Igqbafbidj358AABq
a user connected
socket:Nd-1NFMtoMx2FSC5AABr
a user connected
socket:txGq-rQ7r15MoQwOAABs
a user connected
socket:LPb0unWkcFRS-1XfAABt
a user connected
socket:yJoPYs-6uBNR4SSfAABu
a user connected
socket:d0OUVeRxhujKLv0JAABv
a user connected
socket:JrN1-ag0YmUPp_IaAABw
a user connected
socket:5-AUKxOqwFYFJukKAABx
a user connected
socket:-Nsf4jlySupWq9p6AABy
a user connected
socket:625iHsODIHwD7uInAABz
a user connected
socket:Of9X-CPob3-EQtiqAAB0
a user connected
socket:A2wK2tfBZT2cnmajAAB1
a user connected
socket:uDotBb9IOBWFtnaRAAB2
a user connected
socket:s7u7eun943HUUu68AAB3
a user connected
socket:OizrIieFODcJfck-AAB4
a user connected
socket:lnZXjEMqLIo3ZtEQAAB5
a user connected
socket:nejEvVA3XO9uxPE-AAB6
a user connected
socket:ztXSKjK__Ojk75NBAAB7
a user connected
socket:GsW2rYhiAgqq_p4TAAB8
a user connected
socket:r7rqzPuLuLNTPmFvAAB9
a user connected
socket:nqrvikDAjFeHyYNgAAB-
a user connected
socket:Fk0iGkVQ4l0QQLtyAAB_
a user connected
socket:i6Q9FWs61aXbISdRAACA
a user connected
socket:aAEQkD9__P-hFlHXAACB
a user connected
socket:7UAAmfa3zvXshlilAACC
a user connected
socket:XHEP7p2LILu2vShjAACD
a user connected
socket:sO79g84-zsSpi7p4AACE
a user connected
socket:2HberfJDuVR1Bsp0AACF
a user connected
socket:DxplxGO8kzjt8CahAACG
a user connected
socket:zZ7lbpZE7j3exbv_AACH
a user connected
socket:ofoC4HFjAxwBVj22AACI
a user connected
socket:rTli6TyZ952Bmj0tAACJ
a user connected
socket:1LHiAQ2C1gna8eOiAACK
a user connected
socket:GC-hd61lK1cKqP3OAACL
a user connected
socket:SZRNe3pn8rtUWL-8AACM
a user connected
socket:qIPfVGZb5DHi4-h5AACN
a user connected
socket:tOupo1Hlo0rNYK4xAACO
a user connected
socket:42VLjeAsl90tm4mMAACP
I am +972-0544637999
a user connected
socket:BZ2zV54BljyjPLwzAACQ
a user connected
socket:xvdcIoTx4tT6YAjeAACR
a user connected
socket:2nryW3UEoTIgJeNzAACS
a user connected
socket:M48Qs1ogo3bwTu0LAACT
a user connected
socket:nHPYc5SovZ1A0rM8AACU
a user connected
socket:BJONRYM4D-5-f-1XAACV
a user connected
socket:VlCwuYKMQD2muMS9AACW
a user connected
socket:xhQdtgL8j50ijKdgAACX
a user connected
socket:1Ra4ZjoXewQhzFERAACY
a user connected
socket:OZkP6bkzTzkkxfTaAACZ
a user connected
socket:3SgpBBuTR47fx-t2AACa
a user connected
socket:nDECjwZP_nEdIQ_mAACb
a user connected
socket:KcsKcETrW1RVl2MbAACc
a user connected
socket:QMX_AilNqERPIiRJAACd
a user connected
socket:FTAsioRj7HP9XF9mAACe
a user connected
socket:LH9O04pUgRlvScGJAACf
a user connected
socket:eqMmuvRYE6Z8KACmAACg
a user connected
socket:e_s_aHyQYx9ANaB-AACh
a user connected
socket:cMkrSiseTqqPiWO5AACi
a user connected
socket:_MehvD4VvRe0CiDhAACj
a user connected
socket:7XIrQ67i9EI4zUdtAACk
a user connected
socket:35S43UEA7r8arza4AACl
a user connected
socket:6p031nawqG7rQI59AACm
a user connected
socket:vjhLC-ZD502lv7N5AACn
a user connected
socket:tbS7A9MK-acgEZP0AACo
a user connected
socket:R2AkbmAnyfX18WMwAACp
a user connected
socket:2FACL_qQtoi9rA-RAACq
a user connected
socket:GpugGma_PBjyjfICAACr
a user connected
socket:0ySo1NfnCwMr3WroAACs
I am +972-0544637999
a user connected
socket:E1R_fGSEvw6dXcguAACt
I am +972-Asus
a user connected
socket:ZAL6-fsjSVTkO8M6AACu
I am +972-Asus
a user connected
socket:swNAXZwbHNJTu7gIAACv
a user connected
socket:0oPQTeSxcBpZt7hoAACw
a user connected
socket:pqqED-i_LtXbrYZcAACx
a user connected
socket:_DB2Z22NZ-zoKlIiAACy
a user connected
socket:SmtOfJOFvxnzEZCgAACz
a user connected
socket:zgiBHiZuolLGI2m5AAC0
a user connected
socket:zOFZM2pwhHmnubLLAAC1
a user connected
socket:HMFuRISb_BcgIEt5AAC2
I am +972-0544637999
a user connected
socket:ukR1LDEn5kpdXlEzAAC3
{
    "message-count": "1",
    "messages": [{
        "status": "3",
        "error-text": "to address is not numeric"
    }]
}
I am +972-911
a user connected
socket:FFRfgfH7MYnTfjz7AAC4
I am +972-0544637999
a user connected
socket:gzjfhTwCvSne8_dtAAC5
I am +972-911
a user connected
socket:0QyR91cvPj3sVlFBAAC6
I am +972-911
a user connected
socket:Zia9EZAdDT6yfv5jAAC7
I am +972-911
a user connected
socket:jDKAs50xdz7NJAnIAAC8
I am +972-911
a user connected
socket:v230RdpO8okUXPgeAAC9
I am +972-8100
a user connected
socket:lulRGJNqXbRE6YO2AAC-
I am +972-911
a user connected
socket:5G1UKimkofVfY-aVAAC_
I am +972-911
{
  "latitude": 32,
  "longitude": 34,
  "timezone": "Asia/Jerusalem",
  "offset": 3,
  "currently": {
    "time": 1442661914,
    "summary": "Clear",
    "icon": "clear-day",
    "precipIntensity": 0,
    "precipProbability": 0,
    "temperature": 81.68,
    "apparentTemperature": 84.7,
    "dewPoint": 68.33,
    "humidity": 0.64,
    "windSpeed": 4.55,
    "windBearing": 336,
    "cloudCover": 0,
    "pressure": 1013.11,
    "ozone": 295.04
  },
  "hourly": {
    "summary": "Breezy starting this evening.",
    "icon": "wind",
    "data": [
      {
        "time": 1442660400,
        "summary": "Clear",
        "icon": "clear-day",
        "precipIntensity": 0,
        "precipProbability": 0,
        "temperature": 81.44,
        "apparentTemperature": 84.36,
        "dewPoint": 68.18,
        "humidity": 0.64,
        "windSpeed": 3.46,
        "windBearing": 326,
        "cloudCover": 0,
        "pressure": 1013.2,
        "ozone": 295.07
      },
      {
        "time": 1442664000,
        "summary": "Clear",
        "icon": "clear-day",
        "precipIntensity": 0,
        "precipProbability": 0,
        "temperature": 82.01,
        "apparentTemperature": 85.17,
        "dewPoint": 68.54,
        "humidity": 0.64,
        "windSpeed": 6.17,
        "windBearing": 344,
        "cloudCover": 0,
        "pressure": 1012.97,
        "ozone": 295
      },
      {
        "time": 1442667600,
        "summary": "Clear",
        "icon": "clear-day",
        "precipIntensity": 0,
        "precipProbability": 0,
        "temperature": 82.92,
        "apparentTemperature": 86.76,
        "dewPoint": 69.56,
        "humidity": 0.64,
        "windSpeed": 8.58,
        "windBearing": 350,
        "cloudCover": 0,
        "pressure": 1012.7,
        "ozone": 295.01
      },
      {
        "time": 1442671200,
        "summary": "Clear",
        "icon": "clear-day",
        "precipIntensity": 0,
        "precipProbability": 0,
        "temperature": 84.01,
        "apparentTemperature": 88.95,
        "dewPoint": 70.97,
        "humidity": 0.65,
        "windSpeed": 10.8,
        "windBearing": 356,
        "cloudCover": 0,
        "pressure": 1012.43,
        "ozone": 295.07
      },
      {
        "time": 1442674800,
        "summary": "Clear",
        "icon": "clear-day",
        "precipIntensity": 0,
        "precipProbability": 0,
        "temperature": 84.94,
        "apparentTemperature": 91.16,
        "dewPoint": 72.33,
        "humidity": 0.66,
        "windSpeed": 12.62,
        "windBearing": 4,
        "cloudCover": 0,
        "pressure": 1012.28,
        "ozone": 295.2
      },
      {
        "time": 1442678400,
        "summary": "Clear",
        "icon": "clear-night",
        "precipIntensity": 0,
        "precipProbability": 0,
        "temperature": 84.45,
        "apparentTemperature": 90.58,
        "dewPoint": 72.44,
        "humidity": 0.67,
        "windSpeed": 14.46,
        "windBearing": 17,
        "cloudCover": 0,
        "pressure": 1012.36,
        "ozone": 295.46
      },
      {
        "time": 1442682000,
        "summary": "Clear",
        "icon": "clear-night",
        "precipIntensity": 0,
        "precipProbability": 0,
        "temperature": 83.4,
        "apparentTemperature": 88.86,
        "dewPoint": 72.05,
        "humidity": 0.69,
        "windSpeed": 16.84,
        "windBearing": 30,
        "cloudCover": 0,
        "pressure": 1012.55,
        "ozone": 295.79
      },
      {
        "time": 1442685600,
        "summary": "Breezy",
        "icon": "wind",
        "precipIntensity": 0,
        "precipProbability": 0,
        "temperature": 82.48,
        "apparentTemperature": 87.37,
        "dewPoint": 71.7,
        "humidity": 0.7,
        "windSpeed": 18.77,
        "windBearing": 38,
        "cloudCover": 0,
        "pressure": 1012.68,
        "ozone": 296
      },
      {
        "time": 1442689200,
        "summary": "Breezy",
        "icon": "wind",
        "precipIntensity": 0,
        "precipProbability": 0,
        "temperature": 81.82,
        "apparentTemperature": 86.35,
        "dewPoint": 71.54,
        "humidity": 0.71,
        "windSpeed": 19.22,
        "windBearing": 43,
        "cloudCover": 0,
        "pressure": 1012.64,
        "ozone": 296.04
      },
      {
        "time": 1442692800,
        "summary": "Breezy",
        "icon": "wind",
        "precipIntensity": 0,
        "precipProbability": 0,
        "temperature": 81.27,
        "apparentTemperature": 85.49,
        "dewPoint": 71.42,
        "humidity": 0.72,
        "windSpeed": 18.67,
        "windBearing": 46,
        "cloudCover": 0,
        "pressure": 1012.54,
        "ozone": 295.95
      },
      {
        "time": 1442696400,
        "summary": "Clear",
        "icon": "clear-night",
        "precipIntensity": 0,
        "precipProbability": 0,
        "temperature": 80.64,
        "apparentTemperature": 84.38,
        "dewPoint": 70.93,
        "humidity": 0.72,
        "windSpeed": 17.77,
        "windBearing": 49,
        "cloudCover": 0,
        "pressure": 1012.39,
        "ozone": 295.7
      },
      {
        "time": 1442700000,
        "summary": "Clear",
        "icon": "clear-night",
        "precipIntensity": 0,
        "precipProbability": 0,
        "temperature": 79.76,
        "apparentTemperature": 79.76,
        "dewPoint": 69.7,
        "humidity": 0.71,
        "windSpeed": 16.47,
        "windBearing": 52,
        "cloudCover": 0,
        "pressure": 1012.19,
        "ozone": 295.18
      },
      {
        "time": 1442703600,
        "summary": "Clear",
        "icon": "clear-night",
        "precipIntensity": 0,
        "precipProbability": 0,
        "temperature": 78.7,
        "apparentTemperature": 78.7,
        "dewPoint": 67.98,
        "humidity": 0.7,
        "windSpeed": 14.77,
        "windBearing": 53,
        "cloudCover": 0,
        "pressure": 1011.94,
        "ozone": 294.49
      },
      {
        "time": 1442707200,
        "summary": "Clear",
        "icon": "clear-night",
        "precipIntensity": 0,
        "precipProbability": 0,
        "temperature": 77.89,
        "apparentTemperature": 77.89,
        "dewPoint": 66.46,
        "humidity": 0.68,
        "windSpeed": 13.33,
        "windBearing": 55,
        "cloudCover": 0,
        "pressure": 1011.72,
        "ozone": 293.9
      },
      {
        "time": 1442710800,
        "summary": "Clear",
        "icon": "clear-night",
        "precipIntensity": 0,
        "precipProbability": 0,
        "temperature": 78.33,
        "apparentTemperature": 78.33,
        "dewPoint": 66.15,
        "humidity": 0.66,
        "windSpeed": 12.57,
        "windBearing": 59,
        "cloudCover": 0,
        "pressure": 1011.52,
        "ozone": 293.47
      },
      {
        "time": 1442714400,
        "summary": "Clear",
        "icon": "clear-night",
        "precipIntensity": 0,
        "precipProbability": 0,
        "temperature": 79.02,
        "apparentTemperature": 79.02,
        "dewPoint": 66.04,
        "humidity": 0.65,
        "windSpeed": 12.07,
        "windBearing": 62,
        "cloudCover": 0,
        "pressure": 1011.33,
        "ozone": 293.13
      },
      {
        "time": 1442718000,
        "summary": "Clear",
        "icon": "clear-night",
        "precipIntensity": 0,
        "precipProbability": 0,
        "temperature": 79.68,
        "apparentTemperature": 79.68,
        "dewPoint": 66.03,
        "humidity": 0.63,
        "windSpeed": 11.3,
        "windBearing": 65,
        "cloudCover": 0,
        "pressure": 1011.18,
        "ozone": 293
      },
      {
        "time": 1442721600,
        "summary": "Clear",
        "icon": "clear-day",
        "precipIntensity": 0,
        "precipProbability": 0,
        "temperature": 80.18,
        "apparentTemperature": 82.29,
        "dewPoint": 66.07,
        "humidity": 0.62,
        "windSpeed": 9.75,
        "windBearing": 64,
        "cloudCover": 0,
        "pressure": 1011.12,
        "ozone": 293.08
      },
      {
        "time": 1442725200,
        "summary": "Clear",
        "icon": "clear-day",
        "precipIntensity": 0,
        "precipProbability": 0,
        "temperature": 80.56,
        "apparentTemperature": 82.7,
        "dewPoint": 66.12,
        "humidity": 0.62,
        "windSpeed": 7.94,
        "windBearing": 60,
        "cloudCover": 0,
        "pressure": 1011.1,
        "ozone": 293.36
      },
      {
        "time": 1442728800,
        "summary": "Clear",
        "icon": "clear-day",
        "precipIntensity": 0,
        "precipProbability": 0,
        "temperature": 80.92,
        "apparentTemperature": 83.1,
        "dewPoint": 66.19,
        "humidity": 0.61,
        "windSpeed": 6.77,
        "windBearing": 56,
        "cloudCover": 0,
        "pressure": 1011.05,
        "ozone": 293.9
      },
      {
        "time": 1442732400,
        "summary": "Clear",
        "icon": "clear-day",
        "precipIntensity": 0,
        "precipProbability": 0,
        "temperature": 81.37,
        "apparentTemperature": 83.63,
        "dewPoint": 66.36,
        "humidity": 0.6,
        "windSpeed": 6.6,
        "windBearing": 56,
        "cloudCover": 0,
        "pressure": 1010.97,
        "ozone": 294.9
      },
      {
        "time": 1442736000,
        "summary": "Clear",
        "icon": "clear-day",
        "precipIntensity": 0,
        "precipProbability": 0,
        "temperature": 82.02,
        "apparentTemperature": 84.46,
        "dewPoint": 66.73,
        "humidity": 0.6,
        "windSpeed": 7,
        "windBearing": 58,
        "cloudCover": 0,
        "pressure": 1010.86,
        "ozone": 296.17
      },
      {
        "time": 1442739600,
        "summary": "Clear",
        "icon": "clear-day",
        "precipIntensity": 0,
        "precipProbability": 0,
        "temperature": 82.95,
        "apparentTemperature": 85.73,
        "dewPoint": 67.37,
        "humidity": 0.6,
        "windSpeed": 7.57,
        "windBearing": 56,
        "cloudCover": 0,
        "pressure": 1010.64,
        "ozone": 297.2
      },
      {
        "time": 1442743200,
        "summary": "Clear",
        "icon": "clear-day",
        "precipIntensity": 0,
        "precipProbability": 0,
        "temperature": 84.24,
        "apparentTemperature": 87.66,
        "dewPoint": 68.34,
        "humidity": 0.59,
        "windSpeed": 8.32,
        "windBearing": 50,
        "cloudCover": 0,
        "pressure": 1010.2,
        "ozone": 297.93
      },
      {
        "time": 1442746800,
        "summary": "Clear",
        "icon": "clear-day",
        "precipIntensity": 0,
        "precipProbability": 0,
        "temperature": 85.75,
        "apparentTemperature": 90.2,
        "dewPoint": 69.62,
        "humidity": 0.59,
        "windSpeed": 9.35,
        "windBearing": 43,
        "cloudCover": 0,
        "pressure": 1009.66,
        "ozone": 298.42
      },
      {
        "time": 1442750400,
        "summary": "Clear",
        "icon": "clear-day",
        "precipIntensity": 0,
        "precipProbability": 0,
        "temperature": 87.1,
        "apparentTemperature": 93.02,
        "dewPoint": 71.2,
        "humidity": 0.59,
        "windSpeed": 10.36,
        "windBearing": 36,
        "cloudCover": 0,
        "pressure": 1009.2,
        "ozone": 298.4
      },
      {
        "time": 1442754000,
        "summary": "Clear",
        "icon": "clear-day",
        "precipIntensity": 0,
        "precipProbability": 0,
        "temperature": 88.07,
        "apparentTemperature": 96.05,
        "dewPoint": 73.19,
        "humidity": 0.62,
        "windSpeed": 11.58,
        "windBearing": 28,
        "cloudCover": 0,
        "pressure": 1008.84,
        "ozone": 297.59
      },
      {
        "time": 1442757600,
        "summary": "Clear",
        "icon": "clear-day",
        "precipIntensity": 0,
        "precipProbability": 0,
        "temperature": 88.62,
        "apparentTemperature": 98.87,
        "dewPoint": 75.13,
        "humidity": 0.65,
        "windSpeed": 13.04,
        "windBearing": 19,
        "cloudCover": 0,
        "pressure": 1008.56,
        "ozone": 296.27
      },
      {
        "time": 1442761200,
        "summary": "Clear",
        "icon": "clear-day",
        "precipIntensity": 0,
        "precipProbability": 0,
        "temperature": 87.99,
        "apparentTemperature": 98.59,
        "dewPoint": 75.65,
        "humidity": 0.67,
        "windSpeed": 13.88,
        "windBearing": 13,
        "cloudCover": 0,
        "pressure": 1008.46,
        "ozone": 295
      },
      {
        "time": 1442764800,
        "summary": "Clear",
        "icon": "clear-night",
        "precipIntensity": 0,
        "precipProbability": 0,
        "temperature": 86.86,
        "apparentTemperature": 96.44,
        "dewPoint": 75.16,
        "humidity": 0.68,
        "windSpeed": 13.59,
        "windBearing": 9,
        "cloudCover": 0,
        "pressure": 1008.66,
        "ozone": 293.8
      },
      {
        "time": 1442768400,
        "summary": "Clear",
        "icon": "clear-night",
        "precipIntensity": 0,
        "precipProbability": 0,
        "temperature": 85.48,
        "apparentTemperature": 93.43,
        "dewPoint": 74.13,
        "humidity": 0.69,
        "windSpeed": 12.53,
        "windBearing": 5,
        "cloudCover": 0,
        "pressure": 1009.05,
        "ozone": 292.65
      },
      {
        "time": 1442772000,
        "summary": "Clear",
        "icon": "clear-night",
        "precipIntensity": 0,
        "precipProbability": 0,
        "temperature": 84.15,
        "apparentTemperature": 90.57,
        "dewPoint": 72.98,
        "humidity": 0.69,
        "windSpeed": 11.1,
        "windBearing": 358,
        "cloudCover": 0,
        "pressure": 1009.42,
        "ozone": 292
      },
      {
        "time": 1442775600,
        "summary": "Clear",
        "icon": "clear-night",
        "precipIntensity": 0,
        "precipProbability": 0,
        "temperature": 82.96,
        "apparentTemperature": 88.1,
        "dewPoint": 71.8,
        "humidity": 0.69,
        "windSpeed": 9.4,
        "windBearing": 345,
        "cloudCover": 0,
        "pressure": 1009.7,
        "ozone": 292.26
      },
      {
        "time": 1442779200,
        "summary": "Clear",
        "icon": "clear-night",
        "precipIntensity": 0,
        "precipProbability": 0,
        "temperature": 81.91,
        "apparentTemperature": 86,
        "dewPoint": 70.61,
        "humidity": 0.69,
        "windSpeed": 8.22,
        "windBearing": 323,
        "cloudCover": 0,
        "pressure": 1009.95,
        "ozone": 293.03
      },
      {
        "time": 1442782800,
        "summary": "Clear",
        "icon": "clear-night",
        "precipIntensity": 0,
        "precipProbability": 0,
        "temperature": 81.03,
        "apparentTemperature": 84.44,
        "dewPoint": 69.68,
        "humidity": 0.69,
        "windSpeed": 8.35,
        "windBearing": 302,
        "cloudCover": 0,
        "pressure": 1010.11,
        "ozone": 293.5
      },
      {
        "time": 1442786400,
        "summary": "Clear",
        "icon": "clear-night",
        "precipIntensity": 0,
        "precipProbability": 0,
        "temperature": 80.26,
        "apparentTemperature": 83.24,
        "dewPoint": 69.12,
        "humidity": 0.69,
        "windSpeed": 8.96,
        "windBearing": 292,
        "cloudCover": 0,
        "pressure": 1010.11,
        "ozone": 293.3
      },
      {
        "time": 1442790000,
        "summary": "Clear",
        "icon": "clear-night",
        "precipIntensity": 0,
        "precipProbability": 0,
        "temperature": 79.52,
        "apparentTemperature": 79.52,
        "dewPoint": 68.66,
        "humidity": 0.7,
        "windSpeed": 9.81,
        "windBearing": 284,
        "cloudCover": 0,
        "pressure": 1009.99,
        "ozone": 292.81
      },
      {
        "time": 1442793600,
        "summary": "Clear",
        "icon": "clear-night",
        "precipIntensity": 0,
        "precipProbability": 0,
        "temperature": 78.79,
        "apparentTemperature": 78.79,
        "dewPoint": 67.93,
        "humidity": 0.69,
        "windSpeed": 10.82,
        "windBearing": 277,
        "cloudCover": 0,
        "pressure": 1009.92,
        "ozone": 292.4
      },
      {
        "time": 1442797200,
        "summary": "Clear",
        "icon": "clear-night",
        "precipIntensity": 0.0013,
        "precipProbability": 0.02,
        "precipType": "rain",
        "temperature": 78.03,
        "apparentTemperature": 78.03,
        "dewPoint": 66.66,
        "humidity": 0.68,
        "windSpeed": 10.89,
        "windBearing": 276,
        "cloudCover": 0,
        "pressure": 1009.91,
        "ozone": 292.23
      },
      {
        "time": 1442800800,
        "summary": "Clear",
        "icon": "clear-night",
        "precipIntensity": 0.0021,
        "precipProbability": 0.05,
        "precipType": "rain",
        "temperature": 77.29,
        "apparentTemperature": 77.29,
        "dewPoint": 65.1,
        "humidity": 0.66,
        "windSpeed": 10.95,
        "windBearing": 275,
        "cloudCover": 0,
        "pressure": 1009.95,
        "ozone": 292.13
      },
      {
        "time": 1442804400,
        "summary": "Clear",
        "icon": "clear-night",
        "precipIntensity": 0.0025,
        "precipProbability": 0.06,
        "precipType": "rain",
        "temperature": 76.85,
        "apparentTemperature": 76.85,
        "dewPoint": 63.79,
        "humidity": 0.64,
        "windSpeed": 1.97,
        "windBearing": 272,
        "cloudCover": 0,
        "pressure": 1010.03,
        "ozone": 292
      },
      {
        "time": 1442808000,
        "summary": "Clear",
        "icon": "clear-day",
        "precipIntensity": 0.0023,
        "precipProbability": 0.05,
        "precipType": "rain",
        "temperature": 77.59,
        "apparentTemperature": 77.59,
        "dewPoint": 63.61,
        "humidity": 0.62,
        "windSpeed": 9.41,
        "windBearing": 278,
        "cloudCover": 0,
        "pressure": 1010.21,
        "ozone": 291.93
      },
      {
        "time": 1442811600,
        "summary": "Clear",
        "icon": "clear-day",
        "precipIntensity": 0.0018,
        "precipProbability": 0.04,
        "precipType": "rain",
        "temperature": 78.59,
        "apparentTemperature": 78.59,
        "dewPoint": 63.61,
        "humidity": 0.6,
        "windSpeed": 9.45,
        "windBearing": 278,
        "cloudCover": 0,
        "pressure": 1010.46,
        "ozone": 291.82
      },
      {
        "time": 1442815200,
        "summary": "Clear",
        "icon": "clear-day",
        "precipIntensity": 0.0013,
        "precipProbability": 0.02,
        "precipType": "rain",
        "temperature": 79.4,
        "apparentTemperature": 79.4,
        "dewPoint": 63.56,
        "humidity": 0.58,
        "windSpeed": 9.51,
        "windBearing": 278,
        "cloudCover": 0,
        "pressure": 1010.67,
        "ozone": 291.3
      },
      {
        "time": 1442818800,
        "summary": "Clear",
        "icon": "clear-day",
        "precipIntensity": 0.0009,
        "precipProbability": 0.01,
        "precipType": "rain",
        "temperature": 79.94,
        "apparentTemperature": 79.94,
        "dewPoint": 63.4,
        "humidity": 0.57,
        "windSpeed": 9.04,
        "windBearing": 276,
        "cloudCover": 0.07,
        "pressure": 1010.84,
        "ozone": 290.08
      },
      {
        "time": 1442822400,
        "summary": "Clear",
        "icon": "clear-day",
        "precipIntensity": 0,
        "precipProbability": 0,
        "temperature": 80.42,
        "apparentTemperature": 81.85,
        "dewPoint": 63.3,
        "humidity": 0.56,
        "windSpeed": 8.61,
        "windBearing": 275,
        "cloudCover": 0.16,
        "pressure": 1010.96,
        "ozone": 288.44
      },
      {
        "time": 1442826000,
        "summary": "Clear",
        "icon": "clear-day",
        "precipIntensity": 0,
        "precipProbability": 0,
        "temperature": 81.01,
        "apparentTemperature": 82.42,
        "dewPoint": 63.48,
        "humidity": 0.55,
        "windSpeed": 8.18,
        "windBearing": 273,
        "cloudCover": 0.22,
        "pressure": 1010.94,
        "ozone": 286.9
      },
      {
        "time": 1442829600,
        "summary": "Clear",
        "icon": "clear-day",
        "precipIntensity": 0,
        "precipProbability": 0,
        "temperature": 81.86,
        "apparentTemperature": 83.41,
        "dewPoint": 64.19,
        "humidity": 0.55,
        "windSpeed": 8.2,
        "windBearing": 274,
        "cloudCover": 0.21,
        "pressure": 1010.66,
        "ozone": 285.6
      },
      {
        "time": 1442833200,
        "summary": "Clear",
        "icon": "clear-day",
        "precipIntensity": 0,
        "precipProbability": 0,
        "temperature": 82.96,
        "apparentTemperature": 84.91,
        "dewPoint": 65.38,
        "humidity": 0.56,
        "windSpeed": 8.35,
        "windBearing": 275,
        "cloudCover": 0.16,
        "pressure": 1010.22,
        "ozone": 284.4
      }
    ]
  },
  "daily": {
    "summary": "No precipitation throughout the week, with temperatures falling to 82°F on Saturday.",
    "icon": "clear-day",
    "data": [
      {
        "time": 1442610000,
        "summary": "Breezy starting in the evening.",
        "icon": "wind",
        "sunriseTime": 1442633480,
        "sunsetTime": 1442677641,
        "moonPhase": 0.19,
        "precipIntensity": 0,
        "precipIntensityMax": 0,
        "precipProbability": 0,
        "temperatureMin": 77.04,
        "temperatureMinTime": 1442628000,
        "temperatureMax": 84.94,
        "temperatureMaxTime": 1442674800,
        "apparentTemperatureMin": 77.04,
        "apparentTemperatureMinTime": 1442628000,
        "apparentTemperatureMax": 91.16,
        "apparentTemperatureMaxTime": 1442674800,
        "dewPoint": 68.49,
        "humidity": 0.68,
        "windSpeed": 7.11,
        "windBearing": 33,
        "cloudCover": 0,
        "pressure": 1012.91,
        "ozone": 295.18
      },
      {
        "time": 1442696400,
        "summary": "Clear throughout the day.",
        "icon": "clear-day",
        "sunriseTime": 1442719916,
        "sunsetTime": 1442763961,
        "moonPhase": 0.22,
        "precipIntensity": 0,
        "precipIntensityMax": 0,
        "precipProbability": 0,
        "temperatureMin": 77.89,
        "temperatureMinTime": 1442707200,
        "temperatureMax": 88.62,
        "temperatureMaxTime": 1442757600,
        "apparentTemperatureMin": 77.89,
        "apparentTemperatureMinTime": 1442707200,
        "apparentTemperatureMax": 98.87,
        "apparentTemperatureMaxTime": 1442757600,
        "dewPoint": 69.58,
        "humidity": 0.65,
        "windSpeed": 9.95,
        "windBearing": 38,
        "cloudCover": 0,
        "pressure": 1010.4,
        "ozone": 294.78
      },
      {
        "time": 1442782800,
        "summary": "Clear throughout the day.",
        "icon": "clear-day",
        "sunriseTime": 1442806352,
        "sunsetTime": 1442850281,
        "moonPhase": 0.25,
        "precipIntensity": 0.0006,
        "precipIntensityMax": 0.0025,
        "precipIntensityMaxTime": 1442804400,
        "precipProbability": 0.06,
        "precipType": "rain",
        "temperatureMin": 76.85,
        "temperatureMinTime": 1442804400,
        "temperatureMax": 85.8,
        "temperatureMaxTime": 1442844000,
        "apparentTemperatureMin": 76.85,
        "apparentTemperatureMinTime": 1442804400,
        "apparentTemperatureMax": 89.84,
        "apparentTemperatureMaxTime": 1442844000,
        "dewPoint": 65.98,
        "humidity": 0.61,
        "windSpeed": 7.3,
        "windBearing": 288,
        "cloudCover": 0.04,
        "pressure": 1010.28,
        "ozone": 287.16
      },
      {
        "time": 1442869200,
        "summary": "Clear throughout the day.",
        "icon": "clear-day",
        "sunriseTime": 1442892789,
        "sunsetTime": 1442936600,
        "moonPhase": 0.29,
        "precipIntensity": 0,
        "precipIntensityMax": 0,
        "precipProbability": 0,
        "temperatureMin": 76.68,
        "temperatureMinTime": 1442887200,
        "temperatureMax": 87.46,
        "temperatureMaxTime": 1442937600,
        "apparentTemperatureMin": 76.68,
        "apparentTemperatureMinTime": 1442887200,
        "apparentTemperatureMax": 94.75,
        "apparentTemperatureMaxTime": 1442937600,
        "dewPoint": 66.65,
        "humidity": 0.61,
        "windSpeed": 5.31,
        "windBearing": 104,
        "cloudCover": 0,
        "pressure": 1009.73,
        "ozone": 280.21
      },
      {
        "time": 1442955600,
        "summary": "Partly cloudy overnight.",
        "icon": "partly-cloudy-night",
        "sunriseTime": 1442979225,
        "sunsetTime": 1443022920,
        "moonPhase": 0.32,
        "precipIntensity": 0,
        "precipIntensityMax": 0,
        "precipProbability": 0,
        "temperatureMin": 80.75,
        "temperatureMinTime": 1443038400,
        "temperatureMax": 84.72,
        "temperatureMaxTime": 1443009600,
        "apparentTemperatureMin": 84.11,
        "apparentTemperatureMinTime": 1442973600,
        "apparentTemperatureMax": 90.38,
        "apparentTemperatureMaxTime": 1443009600,
        "dewPoint": 69.71,
        "humidity": 0.65,
        "windSpeed": 6.76,
        "windBearing": 12,
        "cloudCover": 0.01,
        "pressure": 1010.88,
        "ozone": 273.99
      },
      {
        "time": 1443042000,
        "summary": "Clear throughout the day.",
        "icon": "clear-day",
        "sunriseTime": 1443065662,
        "sunsetTime": 1443109240,
        "moonPhase": 0.36,
        "precipIntensity": 0,
        "precipIntensityMax": 0,
        "precipProbability": 0,
        "temperatureMin": 77.79,
        "temperatureMinTime": 1443052800,
        "temperatureMax": 83.02,
        "temperatureMaxTime": 1443103200,
        "apparentTemperatureMin": 77.79,
        "apparentTemperatureMinTime": 1443052800,
        "apparentTemperatureMax": 88.16,
        "apparentTemperatureMaxTime": 1443103200,
        "dewPoint": 68.52,
        "humidity": 0.67,
        "windSpeed": 11.33,
        "windBearing": 2,
        "cloudCover": 0.06,
        "pressure": 1012.9,
        "ozone": 276.73
      },
      {
        "time": 1443128400,
        "summary": "Clear throughout the day.",
        "icon": "clear-day",
        "sunriseTime": 1443152098,
        "sunsetTime": 1443195559,
        "moonPhase": 0.4,
        "precipIntensity": 0,
        "precipIntensityMax": 0,
        "precipProbability": 0,
        "temperatureMin": 76.81,
        "temperatureMinTime": 1443150000,
        "temperatureMax": 81.64,
        "temperatureMaxTime": 1443186000,
        "apparentTemperatureMin": 76.81,
        "apparentTemperatureMinTime": 1443150000,
        "apparentTemperatureMax": 84.3,
        "apparentTemperatureMaxTime": 1443186000,
        "dewPoint": 66.5,
        "humidity": 0.66,
        "windSpeed": 9.02,
        "windBearing": 344,
        "cloudCover": 0.01,
        "pressure": 1012.83,
        "ozone": 272.62
      },
      {
        "time": 1443214800,
        "summary": "Clear throughout the day.",
        "icon": "clear-day",
        "sunriseTime": 1443238535,
        "sunsetTime": 1443281880,
        "moonPhase": 0.43,
        "precipIntensity": 0,
        "precipIntensityMax": 0,
        "precipProbability": 0,
        "temperatureMin": 75.42,
        "temperatureMinTime": 1443232800,
        "temperatureMax": 81.58,
        "temperatureMaxTime": 1443279600,
        "apparentTemperatureMin": 75.42,
        "apparentTemperatureMinTime": 1443232800,
        "apparentTemperatureMax": 84.65,
        "apparentTemperatureMaxTime": 1443279600,
        "dewPoint": 65.88,
        "humidity": 0.66,
        "windSpeed": 7.17,
        "windBearing": 0,
        "cloudCover": 0,
        "pressure": 1011.54,
        "ozone": 273.34
      }
    ]
  },
  "flags": {
    "sources": [
      "isd",
      "fnmoc",
      "cmc",
      "gfs"
    ],
    "isd-stations": [
      "401760-99999",
      "401762-99999",
      "401770-99999",
      "401790-99999",
      "623380-99999"
    ],
    "units": "us"
  }
}
a user connected
socket:UAqN0-eoBynCK-i0AADA
a user connected
socket:fMhUwtvmIaxqsbIVAADB
a user connected
socket:KI4ihxuatMfEmN4-AADC
I am +972-911
a user connected
socket:ldbPGYDMNRaXaC53AADD
a user connected
socket:zVMqKSJfSrZpN_9HAADE
I am +972-911
a user connected
socket:AFQBp-WQ8D7Hp81jAADF
a user connected
socket:YhoomCeOYz25kbSwAADG
a user connected
socket:NT-jC_T28ZCzX0QEAADH
a user connected
socket:vTMJ1CKmRezvz5vJAADI
a user connected
socket:dZ_peL6uhzProOBPAADJ
a user connected
socket:UaSdMXer8rMn-Ty5AADK
a user connected
socket:rRvrXPloJHHQBXMHAADL
a user connected
socket:DnIwf9-hNnKj6UcWAADM
a user connected
socket:zbKaLUlpPEo1I0BJAADN
a user connected
socket:h2gWPvuq7NOZVANOAADO
I am +972-911
a user connected
socket:BIIiKZKDjVitdoUkAADP
a user connected
socket:1mP19o_F3mNGMiKmAADQ
a user connected
socket:jFpHWiZMcGO6mOPnAADR
a user connected
socket:sTebhWm9hbbX9WfnAADS
I am +972-911
a user connected
socket:4pvJAIvM1P8uWk27AADT
I am +972-911
a user connected
socket:KIdboOXqogLM0ajwAADU
a user connected
socket:1da1nOOMjvA2juXxAADV
I am +972-911
a user connected
socket:2JzTRq3bLWhKdxszAADW
a user connected
socket:ZzQmVbKEc9WPZ570AADX
a user connected
socket:nUgnGvVknRgy97VCAADY
a user connected
socket:ZRt5xOd-34i0sWPaAADZ
a user connected
socket:3UqLkLKyJiln-bRmAADa
I am +972-911
a user connected
socket:yBcd1aRsg5FEqL-1AADb
a user connected
socket:eCLQuqRf3nz7LAuuAADc
a user connected
socket:hz8BkinUui_b3wpmAADd
a user connected
socket:RiVnGPDqs_nf4M3dAADe
a user connected
socket:1OfzoEr6Yynq5wMwAADf
a user connected
socket:kZZtcxwEPk9l4gF0AADg
a user connected
socket:UMhIl6IJbmEf_U8bAADh
a user connected
socket:9KLb-RElW33AKrdlAADi
a user connected
socket:FlQd_rVichKhOoyMAADj
a user connected
socket:eb2cpNZeaa8LZrZFAADk
a user connected
socket:dkCBmNljD9OH8qG4AADl
a user connected
socket:d_cvuX72avMY3LSSAADm
a user connected
socket:KeBsrnJ3BXs4R9owAADn
a user connected
socket:U_HYB0OWgKUFD9qaAADo
a user connected
socket:O8HEDw4K896sZZ-CAADp
a user connected
socket:DMQILIubT-bdBpczAADq
a user connected
socket:7_ljEmWIBKfvvzPlAADr
a user connected
socket:cwTFxpoNB3_ixlIWAADs
I am +972-911
a user connected
socket:uoaFPW-wmT7EDtrHAADt
a user connected
socket:_IYGWVhOQPph76lmAADu
a user connected
socket:2ZKO9_GNBY8FGMK9AADv
I am +972-911
a user connected
socket:nuoZvNQn7zl_qj1gAADw
a user connected
socket:slcW4KziW2t62z0XAADx
I am +972-911
a user connected
socket:D6eZCmy9y0QLu6zlAADy
I am +972-911
a user connected
socket:DTa_PW0bre75d-KYAADz
a user connected
socket:mdrgYrxZ64w3cD1gAAD0
a user connected
socket:l3iBabH7R9eVavAVAAD1
I am +972-911
a user connected
socket:PfjQ1xxGbpuEpioSAAD2
a user connected
socket:QSMv4jqEcwk0aZ_iAAD3
a user connected
socket:KjMyGvpARI94b4NZAAD4
a user connected
socket:xeAvBYQohad5qt4aAAD5
a user connected
socket:4mdMfYzufnq1UrurAAD6
a user connected
socket:Y6Cks4jjUB4tacMDAAD7
I am +972-911
a user connected
socket:hULwc5zKk35Q8oKIAAD8
I am +972-911
a user connected
socket:thm4J6hf2YcwnWeOAAD9
a user connected
socket:NRkIXtdxMxJ7YfxsAAD-
a user connected
socket:6GXtfcNg0ifABhtxAAD_
a user connected
socket:crTc-F3_G7L157xkAAEA
a user connected
socket:8emwrsgskwJfvSsOAAEB
a user connected
socket:oggM3y0dYkKCssbZAAEC
a user connected
socket:ITIH1REjumTxijg7AAED
a user connected
socket:O_1lIrt00sqHsq_lAAEE
a user connected
socket:d0yuimrs2joUjfmaAAEF
a user connected
socket:6eJXFIqhZj8kcr8gAAEG
a user connected
socket:oRkyHkN_O4CCtiVWAAEH
a user connected
socket:0wEg_SbkfySmf1ANAAEI
a user connected
socket:5HeMd3LneRMDkbjrAAEJ
a user connected
socket:-1252wa3TbhohKkqAAEK
a user connected
socket:zcBFX243K0Z0x--sAAEL
a user connected
socket:FZf13Vg7cvzrEi_5AAEM
a user connected
socket:fvA4Ilke0vbSN7shAAEN
a user connected
socket:CKRi7pc_SUc36xFSAAEO
a user connected
socket:Qy83Qjz-i_eF0y0uAAEP
a user connected
socket:Ls2VzoMJDLqvxolGAAEQ
a user connected
socket:hhxC1GYaptR3ALe1AAER
a user connected
socket:NCuZIUz4KRrq1DTZAAES
a user connected
socket:k5vtnQ9mqa9xa8hHAAET
a user connected
socket:OWOTgRHOGe0JNvHxAAEU
a user connected
socket:PVp9fEeq-m6e1Jp_AAEV
a user connected
socket:E2j99s0tJNYQj4P_AAEW
a user connected
socket:xeeFFLf7OYxcYzpGAAEX
a user connected
socket:mPJUgtCspBxtgzCEAAEY
a user connected
socket:XgZH4G1zqveOm-pEAAEZ
a user connected
socket:RZAMlrh43HMtK3AlAAEa
a user connected
socket:rEvqaA0F0PowkMiKAAEb
a user connected
socket:YV9B-4Y-n0-d2947AAEc
a user connected
socket:YDp9ZCTWrhXB0cOQAAEd
a user connected
socket:y8CrzUwTd5GGNhowAAEe
a user connected
socket:NQvreBKesBW7eDgCAAEf
a user connected
socket:UypHULyrPHDkwIFmAAEg
a user connected
socket:iJe85DufNQvatfo6AAEh
a user connected
socket:9DYzHuNfVZiHxXUBAAEi
a user connected
socket:x8ks8KVegw4PpAyxAAEj
a user connected
socket:x1dorN4Q0TrDa-8IAAEk
a user connected
socket:JItXUQpd9QZymKknAAEl
a user connected
socket:HUDVb9TQVFtsKrHGAAEm
a user connected
socket:Sjf03Pyn563GY-a4AAEn
a user connected
socket:NYkgqxF9lkuIfdWMAAEo
a user connected
socket:IzPCQMXDnQ9MSIKtAAEp
a user connected
socket:VzSvEkgAHuOXZ5HSAAEq
I am +972-911
a user connected
socket:owlh6wUDrRFwU4EqAAEr
I am +972-0504841981
